{"synthetic": false,
 "schemaVersion": "2025-09-10",
 "outputs": null,
 "log":
 [{"message": "Documentation indexing", "level": "info"},
  {"message":
   ".> /home/runner/work/veir/veir/.lake/packages/doc-gen4/.lake/build/bin/doc-gen4 index --build /home/runner/work/veir/veir/docbuild/.lake/build",
   "level": "trace"}],
 "inputs":
 [["/home/runner/work/veir/veir/docbuild/.lake/build/doc-data/references.json",
   "16fb262bc340d332"],
  ["/home/runner/work/veir/veir/.lake/packages/doc-gen4/.lake/build/bin/doc-gen4",
   "e6bc92242d94ad49"],
  ["<nil>", "062d1d26a399e124"],
  ["<collection>",
   [["/home/runner/work/veir/veir/docbuild/.lake/build/doc/Veir/Data/LLVM/Int/Basic.html",
     "b987814866621315"],
    ["/home/runner/work/veir/veir/docbuild/.lake/build/doc/Veir/ForLean.html",
     "e799926f4c8a1053"],
    ["/home/runner/work/veir/veir/docbuild/.lake/build/doc/Veir/Data/LLVM/Int/Lemmas.html",
     "88b6d2c832027e29"],
    ["/home/runner/work/veir/veir/docbuild/.lake/build/doc/Veir/Data/LLVM/Int.html",
     "d95e5a9002e7b1a3"],
    ["/home/runner/work/veir/veir/docbuild/.lake/build/doc/Veir/Data/LLVM/Byte/Basic.html",
     "f37243248fc86436"],
    ["/home/runner/work/veir/veir/docbuild/.lake/build/doc/Veir/Data/LLVM/Byte/Lemmas.html",
     "9d149f676881c5ce"],
    ["/home/runner/work/veir/veir/docbuild/.lake/build/doc/Veir/Data/LLVM/Byte/Examples.html",
     "1b2f4fcad869a300"],
    ["/home/runner/work/veir/veir/docbuild/.lake/build/doc/Veir/Data/LLVM/Byte.html",
     "99ae0d26a5101934"],
    ["/home/runner/work/veir/veir/docbuild/.lake/build/doc/Veir/Data/LLVM.html",
     "773d5ed4a266e244"],
    ["/home/runner/work/veir/veir/docbuild/.lake/build/doc/Veir/Data.html",
     "6d1f5d24de2fc7ff"],
    ["/home/runner/work/veir/veir/docbuild/.lake/build/doc/Veir/Prelude.html",
     "150ff9e63ab8c614"],
    ["/home/runner/work/veir/veir/docbuild/.lake/build/doc/Veir/IR/OpInfo.html",
     "0e80939bb0e02ef3"],
    ["/home/runner/work/veir/veir/docbuild/.lake/build/doc/Veir/IR/Attribute.html",
     "8b87d2cc44c0766d"],
    ["/home/runner/work/veir/veir/docbuild/.lake/build/doc/Veir/IR/Simp.html",
     "acde391ed6c13600"],
    ["/home/runner/work/veir/veir/docbuild/.lake/build/doc/Veir/IR/Basic.html",
     "51d3a5783df60ec7"],
    ["/home/runner/work/veir/veir/docbuild/.lake/build/doc/Veir/IR/InBounds.html",
     "13acadca88843145"],
    ["/home/runner/work/veir/veir/docbuild/.lake/build/doc/Veir/IR/GetSet.html",
     "5cff579e5384974a"],
    ["/home/runner/work/veir/veir/docbuild/.lake/build/doc/Veir/IR/Fields.html",
     "3773b6b92fdab46b"],
    ["/home/runner/work/veir/veir/docbuild/.lake/build/doc/Veir/IR/Grind.html",
     "10e05f99bffaff73"],
    ["/home/runner/work/veir/veir/docbuild/.lake/build/doc/Veir/IR/WellFormed.html",
     "f77ef2ab98cb2d51"],
    ["/home/runner/work/veir/veir/docbuild/.lake/build/doc/Veir/IR.html",
     "aa6cb853aa732477"],
    ["/home/runner/work/veir/veir/docbuild/.lake/build/doc/Veir/Rewriter/InsertPoint.html",
     "b9d8576bbfa83d4e"],
    ["/home/runner/work/veir/veir/docbuild/.lake/build/doc/Veir/Rewriter/LinkedList/Basic.html",
     "8d518566ac7422c7"],
    ["/home/runner/work/veir/veir/docbuild/.lake/build/doc/Veir/Rewriter/LinkedList/GetSet.html",
     "958243f6cdc9dd39"],
    ["/home/runner/work/veir/veir/docbuild/.lake/build/doc/Veir/Rewriter/LinkedList/WellFormed.html",
     "174ab6e552e1a1e0"],
    ["/home/runner/work/veir/veir/docbuild/.lake/build/doc/Veir/Rewriter/LinkedList.html",
     "6236a182c434aa04"],
    ["/home/runner/work/veir/veir/docbuild/.lake/build/doc/Veir/Rewriter/Basic.html",
     "b4f1b7bf7ede7568"],
    ["/home/runner/work/veir/veir/docbuild/.lake/build/doc/Veir/IR/DeallocLemmas.html",
     "508ef2cfc27551ef"],
    ["/home/runner/work/veir/veir/docbuild/.lake/build/doc/Veir/Rewriter/GetSetInBounds.html",
     "cae5c06f262f00e2"],
    ["/home/runner/work/veir/veir/docbuild/.lake/build/doc/Veir/Rewriter/WellFormed/Block.html",
     "b284c4b746208780"],
    ["/home/runner/work/veir/veir/docbuild/.lake/build/doc/Veir/Rewriter/WellFormed/BlockOperands.html",
     "0b0680c520a70b74"],
    ["/home/runner/work/veir/veir/docbuild/.lake/build/doc/Veir/Rewriter/WellFormed/Region.html",
     "ff99a9ce2c6a279f"],
    ["/home/runner/work/veir/veir/docbuild/.lake/build/doc/Veir/Rewriter/WellFormed/OpOperands.html",
     "5f00c742e0d98c75"],
    ["/home/runner/work/veir/veir/docbuild/.lake/build/doc/Veir/Rewriter/WellFormed/OpRegion.html",
     "fbfbdcdaf368fb17"],
    ["/home/runner/work/veir/veir/docbuild/.lake/build/doc/Veir/Rewriter/WellFormed/OpResults.html",
     "ecc3fc893b07f0e2"],
    ["/home/runner/work/veir/veir/docbuild/.lake/build/doc/Veir/Rewriter/WellFormed/Operation.html",
     "22f9424fea7de4fa"],
    ["/home/runner/work/veir/veir/docbuild/.lake/build/doc/Veir/Rewriter/WellFormed/IRContext.html",
     "ddb1aae5f81bb754"],
    ["/home/runner/work/veir/veir/docbuild/.lake/build/doc/Veir/Rewriter/WellFormed/Value.html",
     "624c990a51736e7d"],
    ["/home/runner/work/veir/veir/docbuild/.lake/build/doc/Veir/Rewriter/WellFormed/ReplaceOp.html",
     "da58bfdd298bf348"],
    ["/home/runner/work/veir/veir/docbuild/.lake/build/doc/Veir/Rewriter/WellFormed.html",
     "68493091446965b2"],
    ["/home/runner/work/veir/veir/docbuild/.lake/build/doc/Veir/Meta/Attrs.html",
     "b3cdfd432f8ea9fe"],
    ["/home/runner/work/veir/veir/docbuild/.lake/build/doc/Veir/Meta/OpCode.html",
     "027a4341574dae97"],
    ["/home/runner/work/veir/veir/docbuild/.lake/build/doc/Veir/OpCode.html",
     "cb2b29d2e07c7c15"],
    ["/home/runner/work/veir/veir/docbuild/.lake/build/doc/Veir/Properties.html",
     "0c441aa95e478a57"],
    ["/home/runner/work/veir/veir/docbuild/.lake/build/doc/Veir/Rewriter/InlineBlock.html",
     "f129c113cbacdaa9"],
    ["/home/runner/work/veir/veir/docbuild/.lake/build/doc/Veir/Rewriter/WfRewriter.html",
     "3d4794d714157285"],
    ["/home/runner/work/veir/veir/docbuild/.lake/build/doc/Veir/Dialects/Arith/OpInfo.html",
     "332efd2b39abdaf2"],
    ["/home/runner/work/veir/veir/docbuild/.lake/build/doc/Veir/Dialects/LLVM/OpInfo.html",
     "64764abc9a99733c"],
    ["/home/runner/work/veir/veir/docbuild/.lake/build/doc/Veir/Dialects/RISCV/OpInfo.html",
     "19506c49d6d0cfd4"],
    ["/home/runner/work/veir/veir/docbuild/.lake/build/doc/Veir/Dialects/ModArith/OpInfo.html",
     "5b9e09b4d20258d7"],
    ["/home/runner/work/veir/veir/docbuild/.lake/build/doc/Veir/Dialects/Cf/OpInfo.html",
     "c9dd61b2bd345bff"],
    ["/home/runner/work/veir/veir/docbuild/.lake/build/doc/Veir/GlobalOpInfo.html",
     "7a094d64e28f19e0"],
    ["/home/runner/work/veir/veir/docbuild/.lake/build/doc/Veir/Printer.html",
     "fd3a07e1d9a0cd62"],
    ["/home/runner/work/veir/veir/docbuild/.lake/build/doc/Veir/PatternRewriter/Basic.html",
     "4e8b430d72263177"],
    ["/home/runner/work/veir/veir/docbuild/.lake/build/doc/Veir/Benchmarks.html",
     "1fa1e133eb2d187a"],
    ["/home/runner/work/veir/veir/docbuild/.lake/build/doc/Veir/Parser/Lexer.html",
     "d19d3cdb6bb497a1"],
    ["/home/runner/work/veir/veir/docbuild/.lake/build/doc/Veir/Data/RISCV/Reg/Simp.html",
     "a2dab0144b924628"],
    ["/home/runner/work/veir/veir/docbuild/.lake/build/doc/Veir/Data/RISCV/Reg/Basic.html",
     "a0b766c4b0d87458"],
    ["/home/runner/work/veir/veir/docbuild/.lake/build/doc/Veir/Data/Casting.html",
     "8af0d2981a1eb074"],
    ["/home/runner/work/veir/veir/docbuild/.lake/build/doc/Veir/Interpreter/Basic.html",
     "c7994fb9ceffe1e0"],
    ["/home/runner/work/veir/veir/docbuild/.lake/build/doc/Veir/Interpreter/Lemmas.html",
     "a4366edf1c20129f"],
    ["/home/runner/work/veir/veir/docbuild/.lake/build/doc/Veir/Interpreter.html",
     "adb6c1be552bc2d7"],
    ["/home/runner/work/veir/veir/docbuild/.lake/build/doc/Veir.html",
     "462ab98670a61b69"]]]],
 "depHash": "04f36d41281a97f4"}